<?xml version="1.0" encoding="UTF-8"?>
<!-- Generated by org.testng.reporters.JUnitReportReporter -->
<testsuite hostname="IMPC1621" failures="0" tests="1" name="DevOpsPOC.MavenPOC24Apr.SampleTestCase" time="8.006" errors="0" timestamp="24 Apr 2018 12:20:21 GMT" skipped="0">
  <testcase classname="DevOpsPOC.MavenPOC24Apr.SampleTestCase" name="f" time="8.006"/>
</testsuite> <!-- DevOpsPOC.MavenPOC24Apr.SampleTestCase -->
