<?xml version="1.0" encoding="UTF-8"?>
<!-- Generated by org.testng.reporters.JUnitReportReporter -->
<testsuite hostname="IMPC1621" failures="0" tests="1" name="DevOpsPOC.MavenPOC24Apr.SampleTestCase" time="7.311" errors="0" timestamp="24 Apr 2018 12:27:44 GMT" skipped="0">
  <testcase classname="DevOpsPOC.MavenPOC24Apr.SampleTestCase" name="f" time="7.311"/>
</testsuite> <!-- DevOpsPOC.MavenPOC24Apr.SampleTestCase -->
